                                      1 ;--------------------------------------------------------
                                      2 ; File Created by SDCC : free open source ISO C Compiler 
                                      3 ; Version 4.4.1 #14650 (Mac OS X ppc)
                                      4 ;--------------------------------------------------------
                                      5 	.module dialog
                                      6 	.optsdcc -msm83
                                      7 	
                                      8 ;--------------------------------------------------------
                                      9 ; Public variables in this module
                                     10 ;--------------------------------------------------------
                                     11 	.globl _printf
                                     12 	.globl _joypad
                                     13 	.globl _dialog_state
                                     14 	.globl _show_dialog
                                     15 	.globl _update_dialog
                                     16 ;--------------------------------------------------------
                                     17 ; special function registers
                                     18 ;--------------------------------------------------------
                                     19 ;--------------------------------------------------------
                                     20 ; ram data
                                     21 ;--------------------------------------------------------
                                     22 	.area _DATA
                                     23 ;--------------------------------------------------------
                                     24 ; ram data
                                     25 ;--------------------------------------------------------
                                     26 	.area _INITIALIZED
    00000000                         27 _dialog_state::
    00000000                         28 	.ds 1
                                     29 ;--------------------------------------------------------
                                     30 ; absolute external ram data
                                     31 ;--------------------------------------------------------
                                     32 	.area _DABS (ABS)
                                     33 ;--------------------------------------------------------
                                     34 ; global & static initialisations
                                     35 ;--------------------------------------------------------
                                     36 	.area _HOME
                                     37 	.area _GSINIT
                                     38 	.area _GSFINAL
                                     39 	.area _GSINIT
                                     40 ;--------------------------------------------------------
                                     41 ; Home
                                     42 ;--------------------------------------------------------
                                     43 	.area _HOME
                                     44 	.area _HOME
                                     45 ;--------------------------------------------------------
                                     46 ; code
                                     47 ;--------------------------------------------------------
                                     48 	.area _CODE
                                     49 ;src/dialog/dialog.c:7: void show_dialog(void) {
                                     50 ;	---------------------------------
                                     51 ; Function show_dialog
                                     52 ; ---------------------------------
    00000000                         53 _show_dialog::
                                     54 ;src/dialog/dialog.c:8: switch(dialog_state) {
    00000000 FAr00r00         [16]   55 	ld	a, (#_dialog_state)
    00000003 B7               [ 4]   56 	or	a, a
    00000004 28 07            [12]   57 	jr	Z, 00101$
    00000006 FAr00r00         [16]   58 	ld	a, (#_dialog_state)
    00000009 3D               [ 4]   59 	dec	a
    0000000A 28 0A            [12]   60 	jr	Z, 00102$
    0000000C C9               [16]   61 	ret
                                     62 ;src/dialog/dialog.c:9: case 0:
    0000000D                         63 00101$:
                                     64 ;src/dialog/dialog.c:10: printf("\n\n\n\n\n\n\n\n\n\n\nCongratulations!\nYou got hired for a\nBD role!");
    0000000D 11r1Fr00         [12]   65 	ld	de, #___str_0
    00000010 D5               [16]   66 	push	de
    00000011 CDr00r00         [24]   67 	call	_printf
    00000014 E1               [12]   68 	pop	hl
                                     69 ;src/dialog/dialog.c:11: break;
    00000015 C9               [16]   70 	ret
                                     71 ;src/dialog/dialog.c:12: case 1:
    00000016                         72 00102$:
                                     73 ;src/dialog/dialog.c:13: printf("\n\n\n\n\n\n\n\n\n\n\nGet ready for your\nfirst conference!");
    00000016 11r58r00         [12]   74 	ld	de, #___str_1
    00000019 D5               [16]   75 	push	de
    0000001A CDr00r00         [24]   76 	call	_printf
    0000001D E1               [12]   77 	pop	hl
                                     78 ;src/dialog/dialog.c:15: }
                                     79 ;src/dialog/dialog.c:16: }
    0000001E C9               [16]   80 	ret
    0000001F                         81 ___str_0:
    0000001F 0A                      82 	.db 0x0a
    00000020 0A                      83 	.db 0x0a
    00000021 0A                      84 	.db 0x0a
    00000022 0A                      85 	.db 0x0a
    00000023 0A                      86 	.db 0x0a
    00000024 0A                      87 	.db 0x0a
    00000025 0A                      88 	.db 0x0a
    00000026 0A                      89 	.db 0x0a
    00000027 0A                      90 	.db 0x0a
    00000028 0A                      91 	.db 0x0a
    00000029 0A                      92 	.db 0x0a
    0000002A 43 6F 6E 67 72 61 74    93 	.ascii "Congratulations!"
             75 6C 61 74 69 6F 6E
             73 21
    0000003A 0A                      94 	.db 0x0a
    0000003B 59 6F 75 20 67 6F 74    95 	.ascii "You got hired for a"
             20 68 69 72 65 64 20
             66 6F 72 20 61
    0000004E 0A                      96 	.db 0x0a
    0000004F 42 44 20 72 6F 6C 65    97 	.ascii "BD role!"
             21
    00000057 00                      98 	.db 0x00
    00000058                         99 ___str_1:
    00000058 0A                     100 	.db 0x0a
    00000059 0A                     101 	.db 0x0a
    0000005A 0A                     102 	.db 0x0a
    0000005B 0A                     103 	.db 0x0a
    0000005C 0A                     104 	.db 0x0a
    0000005D 0A                     105 	.db 0x0a
    0000005E 0A                     106 	.db 0x0a
    0000005F 0A                     107 	.db 0x0a
    00000060 0A                     108 	.db 0x0a
    00000061 0A                     109 	.db 0x0a
    00000062 0A                     110 	.db 0x0a
    00000063 47 65 74 20 72 65 61   111 	.ascii "Get ready for your"
             64 79 20 66 6F 72 20
             79 6F 75 72
    00000075 0A                     112 	.db 0x0a
    00000076 66 69 72 73 74 20 63   113 	.ascii "first conference!"
             6F 6E 66 65 72 65 6E
             63 65 21
    00000087 00                     114 	.db 0x00
                                    115 ;src/dialog/dialog.c:18: void update_dialog(void) {
                                    116 ;	---------------------------------
                                    117 ; Function update_dialog
                                    118 ; ---------------------------------
    00000088                        119 _update_dialog::
                                    120 ;src/dialog/dialog.c:19: if(joypad() & J_A) {
    00000088 CDr00r00         [24]  121 	call	_joypad
    0000008B CB 67            [ 8]  122 	bit	4, a
    0000008D C8               [20]  123 	ret	Z
                                    124 ;src/dialog/dialog.c:20: dialog_state++;
    0000008E 21r00r00         [12]  125 	ld	hl, #_dialog_state
    00000091 34               [12]  126 	inc	(hl)
                                    127 ;src/dialog/dialog.c:21: if(dialog_state <= 1) {
    00000092 3E 01            [ 8]  128 	ld	a, #0x01
    00000094 96               [ 8]  129 	sub	a, (hl)
                                    130 ;src/dialog/dialog.c:22: show_dialog();
    00000095 D2r00r00         [16]  131 	jp	NC,_show_dialog
                                    132 ;src/dialog/dialog.c:25: }
    00000098 C9               [16]  133 	ret
                                    134 	.area _CODE
                                    135 	.area _INITIALIZER
    00000000                        136 __xinit__dialog_state:
    00000000 00                     137 	.db #0x00	; 0
                                    138 	.area _CABS (ABS)
