                                      1 ;--------------------------------------------------------
                                      2 ; File Created by SDCC : free open source ISO C Compiler 
                                      3 ; Version 4.4.1 #14650 (Mac OS X ppc)
                                      4 ;--------------------------------------------------------
                                      5 	.module grass_tile1
                                      6 	.optsdcc -msm83
                                      7 	
                                      8 ;--------------------------------------------------------
                                      9 ; Public variables in this module
                                     10 ;--------------------------------------------------------
                                     11 	.globl _grass_tile1_map
                                     12 	.globl _grass_tile1_tiles
                                     13 	.globl _grass_tile1_palettes
                                     14 	.globl b___func_grass_tile1
                                     15 	.globl ___func_grass_tile1
                                     16 ;--------------------------------------------------------
                                     17 ; special function registers
                                     18 ;--------------------------------------------------------
                                     19 ;--------------------------------------------------------
                                     20 ; ram data
                                     21 ;--------------------------------------------------------
                                     22 	.area _DATA
                                     23 ;--------------------------------------------------------
                                     24 ; ram data
                                     25 ;--------------------------------------------------------
                                     26 	.area _INITIALIZED
                                     27 ;--------------------------------------------------------
                                     28 ; absolute external ram data
                                     29 ;--------------------------------------------------------
                                     30 	.area _DABS (ABS)
                                     31 ;--------------------------------------------------------
                                     32 ; global & static initialisations
                                     33 ;--------------------------------------------------------
                                     34 	.area _HOME
                                     35 	.area _GSINIT
                                     36 	.area _GSFINAL
                                     37 	.area _GSINIT
                                     38 ;--------------------------------------------------------
                                     39 ; Home
                                     40 ;--------------------------------------------------------
                                     41 	.area _HOME
                                     42 	.area _HOME
                                     43 ;--------------------------------------------------------
                                     44 ; code
                                     45 ;--------------------------------------------------------
                                     46 	.area _CODE
                                     47 ;src/maps/grass_tile1.c:5: BANKREF(grass_tile1)
                                     48 ;	---------------------------------
                                     49 ; Function __func_grass_tile1
                                     50 ; ---------------------------------
                         00000000    51 	b___func_grass_tile1	= 0
    00000000                         52 ___func_grass_tile1::
                                     53 	.local b___func_grass_tile1 
                         00000000    54 	___bank_grass_tile1 = b___func_grass_tile1 
                                     55 	.globl ___bank_grass_tile1 
                                     56 	.area _CODE
    00000000                         57 _grass_tile1_palettes:
    00000000 D6 5A                   58 	.dw #0x5ad6
    00000002 FF 7F                   59 	.dw #0x7fff
    00000004 00 00                   60 	.dw #0x0000
    00000006 00 00                   61 	.dw #0x0000
    00000008                         62 _grass_tile1_tiles:
    00000008 FF                      63 	.db #0xff	; 255
    00000009 00                      64 	.db #0x00	; 0
    0000000A FF                      65 	.db #0xff	; 255
    0000000B 00                      66 	.db #0x00	; 0
    0000000C FF                      67 	.db #0xff	; 255
    0000000D 00                      68 	.db #0x00	; 0
    0000000E F7                      69 	.db #0xf7	; 247
    0000000F 00                      70 	.db #0x00	; 0
    00000010 F3                      71 	.db #0xf3	; 243
    00000011 00                      72 	.db #0x00	; 0
    00000012 FB                      73 	.db #0xfb	; 251
    00000013 00                      74 	.db #0x00	; 0
    00000014 FF                      75 	.db #0xff	; 255
    00000015 00                      76 	.db #0x00	; 0
    00000016 AF                      77 	.db #0xaf	; 175
    00000017 00                      78 	.db #0x00	; 0
    00000018 BF                      79 	.db #0xbf	; 191
    00000019 00                      80 	.db #0x00	; 0
    0000001A FF                      81 	.db #0xff	; 255
    0000001B 00                      82 	.db #0x00	; 0
    0000001C FF                      83 	.db #0xff	; 255
    0000001D 00                      84 	.db #0x00	; 0
    0000001E FF                      85 	.db #0xff	; 255
    0000001F 00                      86 	.db #0x00	; 0
    00000020 EB                      87 	.db #0xeb	; 235
    00000021 00                      88 	.db #0x00	; 0
    00000022 F7                      89 	.db #0xf7	; 247
    00000023 00                      90 	.db #0x00	; 0
    00000024 FF                      91 	.db #0xff	; 255
    00000025 00                      92 	.db #0x00	; 0
    00000026 FF                      93 	.db #0xff	; 255
    00000027 00                      94 	.db #0x00	; 0
    00000028 DF                      95 	.db #0xdf	; 223
    00000029 00                      96 	.db #0x00	; 0
    0000002A FF                      97 	.db #0xff	; 255
    0000002B 00                      98 	.db #0x00	; 0
    0000002C FE                      99 	.db #0xfe	; 254
    0000002D 00                     100 	.db #0x00	; 0
    0000002E FC                     101 	.db #0xfc	; 252
    0000002F 00                     102 	.db #0x00	; 0
    00000030 ED                     103 	.db #0xed	; 237
    00000031 00                     104 	.db #0x00	; 0
    00000032 E7                     105 	.db #0xe7	; 231
    00000033 00                     106 	.db #0x00	; 0
    00000034 F7                     107 	.db #0xf7	; 247
    00000035 00                     108 	.db #0x00	; 0
    00000036 FF                     109 	.db #0xff	; 255
    00000037 00                     110 	.db #0x00	; 0
    00000038 FF                     111 	.db #0xff	; 255
    00000039 00                     112 	.db #0x00	; 0
    0000003A FF                     113 	.db #0xff	; 255
    0000003B 00                     114 	.db #0x00	; 0
    0000003C FF                     115 	.db #0xff	; 255
    0000003D 00                     116 	.db #0x00	; 0
    0000003E FF                     117 	.db #0xff	; 255
    0000003F 00                     118 	.db #0x00	; 0
    00000040 F5                     119 	.db #0xf5	; 245
    00000041 00                     120 	.db #0x00	; 0
    00000042 FB                     121 	.db #0xfb	; 251
    00000043 00                     122 	.db #0x00	; 0
    00000044 FF                     123 	.db #0xff	; 255
    00000045 00                     124 	.db #0x00	; 0
    00000046 5F                     125 	.db #0x5f	; 95
    00000047 00                     126 	.db #0x00	; 0
    00000048                        127 _grass_tile1_map:
    00000048 00                     128 	.db #0x00	; 0
    00000049 01                     129 	.db #0x01	; 1
    0000004A 02                     130 	.db #0x02	; 2
    0000004B 03                     131 	.db #0x03	; 3
                                    132 	.area _INITIALIZER
                                    133 	.area _CABS (ABS)
