                                      1 ;--------------------------------------------------------
                                      2 ; File Created by SDCC : free open source ISO C Compiler 
                                      3 ; Version 4.4.1 #14650 (Mac OS X ppc)
                                      4 ;--------------------------------------------------------
                                      5 	.module main
                                      6 	.optsdcc -msm83
                                      7 	
                                      8 ;--------------------------------------------------------
                                      9 ; Public variables in this module
                                     10 ;--------------------------------------------------------
                                     11 	.globl _main
                                     12 	.globl _update_game
                                     13 	.globl _update_title
                                     14 	.globl _init_game
                                     15 	.globl _init_title
                                     16 	.globl _update_dialog
                                     17 	.globl _show_dialog
                                     18 	.globl _update_world
                                     19 	.globl _init_world
                                     20 	.globl _update_player
                                     21 	.globl _init_player
                                     22 	.globl _puts
                                     23 	.globl _printf
                                     24 	.globl _wait_vbl_done
                                     25 	.globl _joypad
                                     26 	.globl _gamestate
                                     27 ;--------------------------------------------------------
                                     28 ; special function registers
                                     29 ;--------------------------------------------------------
                                     30 ;--------------------------------------------------------
                                     31 ; ram data
                                     32 ;--------------------------------------------------------
                                     33 	.area _DATA
                                     34 ;--------------------------------------------------------
                                     35 ; ram data
                                     36 ;--------------------------------------------------------
                                     37 	.area _INITIALIZED
    00000000                         38 _gamestate::
    00000000                         39 	.ds 1
                                     40 ;--------------------------------------------------------
                                     41 ; absolute external ram data
                                     42 ;--------------------------------------------------------
                                     43 	.area _DABS (ABS)
                                     44 ;--------------------------------------------------------
                                     45 ; global & static initialisations
                                     46 ;--------------------------------------------------------
                                     47 	.area _HOME
                                     48 	.area _GSINIT
                                     49 	.area _GSFINAL
                                     50 	.area _GSINIT
                                     51 ;--------------------------------------------------------
                                     52 ; Home
                                     53 ;--------------------------------------------------------
                                     54 	.area _HOME
                                     55 	.area _HOME
                                     56 ;--------------------------------------------------------
                                     57 ; code
                                     58 ;--------------------------------------------------------
                                     59 	.area _CODE
                                     60 ;src/main.c:10: void init_title() {
                                     61 ;	---------------------------------
                                     62 ; Function init_title
                                     63 ; ---------------------------------
    00000000                         64 _init_title::
                                     65 ;src/main.c:11: SHOW_BKG;
    00000000 F0r00            [12]   66 	ldh	a, (_LCDC_REG + 0)
    00000002 F6 01            [ 8]   67 	or	a, #0x01
    00000004 E0r00            [12]   68 	ldh	(_LCDC_REG + 0), a
                                     69 ;src/main.c:12: DISPLAY_ON;
    00000006 F0r00            [12]   70 	ldh	a, (_LCDC_REG + 0)
    00000008 F6 80            [ 8]   71 	or	a, #0x80
    0000000A E0r00            [12]   72 	ldh	(_LCDC_REG + 0), a
                                     73 ;src/main.c:13: printf("lonely BD girl\n\nPress Start!");
    0000000C 11r15r00         [12]   74 	ld	de, #___str_0
    0000000F D5               [16]   75 	push	de
    00000010 CDr00r00         [24]   76 	call	_printf
    00000013 E1               [12]   77 	pop	hl
                                     78 ;src/main.c:14: }
    00000014 C9               [16]   79 	ret
    00000015                         80 ___str_0:
    00000015 6C 6F 6E 65 6C 79 20    81 	.ascii "lonely BD girl"
             42 44 20 67 69 72 6C
    00000023 0A                      82 	.db 0x0a
    00000024 0A                      83 	.db 0x0a
    00000025 50 72 65 73 73 20 53    84 	.ascii "Press Start!"
             74 61 72 74 21
    00000031 00                      85 	.db 0x00
                                     86 ;src/main.c:16: void init_game() {
                                     87 ;	---------------------------------
                                     88 ; Function init_game
                                     89 ; ---------------------------------
    00000032                         90 _init_game::
                                     91 ;src/main.c:18: printf("\n\n\n\n\n\n\n\n\n\n\n\n\n\n\n\n\n\n");
    00000032 11r47r00         [12]   92 	ld	de, #___str_2
    00000035 CDr00r00         [24]   93 	call	_puts
                                     94 ;src/main.c:19: init_world();
    00000038 CDr00r00         [24]   95 	call	_init_world
                                     96 ;src/main.c:20: init_player();
    0000003B CDr00r00         [24]   97 	call	_init_player
                                     98 ;src/main.c:21: SHOW_SPRITES;
    0000003E F0r00            [12]   99 	ldh	a, (_LCDC_REG + 0)
    00000040 F6 02            [ 8]  100 	or	a, #0x02
    00000042 E0r00            [12]  101 	ldh	(_LCDC_REG + 0), a
                                    102 ;src/main.c:22: show_dialog();
                                    103 ;src/main.c:23: }
    00000044 C3r00r00         [16]  104 	jp	_show_dialog
    00000047                        105 ___str_2:
    00000047 0A                     106 	.db 0x0a
    00000048 0A                     107 	.db 0x0a
    00000049 0A                     108 	.db 0x0a
    0000004A 0A                     109 	.db 0x0a
    0000004B 0A                     110 	.db 0x0a
    0000004C 0A                     111 	.db 0x0a
    0000004D 0A                     112 	.db 0x0a
    0000004E 0A                     113 	.db 0x0a
    0000004F 0A                     114 	.db 0x0a
    00000050 0A                     115 	.db 0x0a
    00000051 0A                     116 	.db 0x0a
    00000052 0A                     117 	.db 0x0a
    00000053 0A                     118 	.db 0x0a
    00000054 0A                     119 	.db 0x0a
    00000055 0A                     120 	.db 0x0a
    00000056 0A                     121 	.db 0x0a
    00000057 0A                     122 	.db 0x0a
    00000058 00                     123 	.db 0x00
                                    124 ;src/main.c:25: void update_title(void) {
                                    125 ;	---------------------------------
                                    126 ; Function update_title
                                    127 ; ---------------------------------
    00000059                        128 _update_title::
                                    129 ;src/main.c:26: if(joypad() & J_START) {
    00000059 CDr00r00         [24]  130 	call	_joypad
    0000005C 07               [ 4]  131 	rlca
    0000005D D0               [20]  132 	ret	NC
                                    133 ;src/main.c:27: gamestate = STATE_GAME;
    0000005E 21r00r00         [12]  134 	ld	hl, #_gamestate
    00000061 36 01            [12]  135 	ld	(hl), #0x01
                                    136 ;src/main.c:28: init_game();
                                    137 ;src/main.c:30: }
    00000063 C3r32r00         [16]  138 	jp	_init_game
                                    139 ;src/main.c:32: void update_game(void) {
                                    140 ;	---------------------------------
                                    141 ; Function update_game
                                    142 ; ---------------------------------
    00000066                        143 _update_game::
                                    144 ;src/main.c:33: update_world();
    00000066 CDr00r00         [24]  145 	call	_update_world
                                    146 ;src/main.c:34: update_player();
    00000069 CDr00r00         [24]  147 	call	_update_player
                                    148 ;src/main.c:35: update_dialog();
                                    149 ;src/main.c:36: }
    0000006C C3r00r00         [16]  150 	jp	_update_dialog
                                    151 ;src/main.c:38: void main(void) {
                                    152 ;	---------------------------------
                                    153 ; Function main
                                    154 ; ---------------------------------
    0000006F                        155 _main::
                                    156 ;src/main.c:39: init_title();
    0000006F CDr00r00         [24]  157 	call	_init_title
                                    158 ;src/main.c:41: while(1) {
    00000072                        159 00105$:
                                    160 ;src/main.c:42: switch(gamestate) {
    00000072 FAr00r00         [16]  161 	ld	a, (#_gamestate)
    00000075 B7               [ 4]  162 	or	a, a
    00000076 28 08            [12]  163 	jr	Z, 00101$
    00000078 FAr00r00         [16]  164 	ld	a, (#_gamestate)
    0000007B 3D               [ 4]  165 	dec	a
    0000007C 28 07            [12]  166 	jr	Z, 00102$
    0000007E 18 08            [12]  167 	jr	00103$
                                    168 ;src/main.c:43: case STATE_TITLE:
    00000080                        169 00101$:
                                    170 ;src/main.c:44: update_title();
    00000080 CDr59r00         [24]  171 	call	_update_title
                                    172 ;src/main.c:45: break;
    00000083 18 03            [12]  173 	jr	00103$
                                    174 ;src/main.c:46: case STATE_GAME:
    00000085                        175 00102$:
                                    176 ;src/main.c:47: update_game();
    00000085 CDr66r00         [24]  177 	call	_update_game
                                    178 ;src/main.c:49: }
    00000088                        179 00103$:
                                    180 ;src/main.c:50: wait_vbl_done();
    00000088 CDr00r00         [24]  181 	call	_wait_vbl_done
                                    182 ;src/main.c:52: }
    0000008B 18 E5            [12]  183 	jr	00105$
                                    184 	.area _CODE
                                    185 	.area _INITIALIZER
    00000000                        186 __xinit__gamestate:
    00000000 00                     187 	.db #0x00	; 0
                                    188 	.area _CABS (ABS)
