                                      1 ;--------------------------------------------------------
                                      2 ; File Created by SDCC : free open source ISO C Compiler 
                                      3 ; Version 4.4.1 #14650 (Mac OS X ppc)
                                      4 ;--------------------------------------------------------
                                      5 	.module maincharacter
                                      6 	.optsdcc -msm83
                                      7 	
                                      8 ;--------------------------------------------------------
                                      9 ; Public variables in this module
                                     10 ;--------------------------------------------------------
                                     11 	.globl _maincharacter_map
                                     12 	.globl _maincharacter_tiles
                                     13 	.globl _maincharacter_palettes
                                     14 	.globl b___func_maincharacter
                                     15 	.globl ___func_maincharacter
                                     16 ;--------------------------------------------------------
                                     17 ; special function registers
                                     18 ;--------------------------------------------------------
                                     19 ;--------------------------------------------------------
                                     20 ; ram data
                                     21 ;--------------------------------------------------------
                                     22 	.area _DATA
                                     23 ;--------------------------------------------------------
                                     24 ; ram data
                                     25 ;--------------------------------------------------------
                                     26 	.area _INITIALIZED
                                     27 ;--------------------------------------------------------
                                     28 ; absolute external ram data
                                     29 ;--------------------------------------------------------
                                     30 	.area _DABS (ABS)
                                     31 ;--------------------------------------------------------
                                     32 ; global & static initialisations
                                     33 ;--------------------------------------------------------
                                     34 	.area _HOME
                                     35 	.area _GSINIT
                                     36 	.area _GSFINAL
                                     37 	.area _GSINIT
                                     38 ;--------------------------------------------------------
                                     39 ; Home
                                     40 ;--------------------------------------------------------
                                     41 	.area _HOME
                                     42 	.area _HOME
                                     43 ;--------------------------------------------------------
                                     44 ; code
                                     45 ;--------------------------------------------------------
                                     46 	.area _CODE
                                     47 ;src/game_states/maincharacter.c:7: BANKREF(maincharacter)
                                     48 ;	---------------------------------
                                     49 ; Function __func_maincharacter
                                     50 ; ---------------------------------
                         00000000    51 	b___func_maincharacter	= 0
    00000000                         52 ___func_maincharacter::
                                     53 	.local b___func_maincharacter 
                         00000000    54 	___bank_maincharacter = b___func_maincharacter 
                                     55 	.globl ___bank_maincharacter 
                                     56 	.area _CODE
    00000000                         57 _maincharacter_palettes:
    00000000 FF 7F                   58 	.dw #0x7fff
    00000002 D6 5A                   59 	.dw #0x5ad6
    00000004 4A 29                   60 	.dw #0x294a
    00000006 00 00                   61 	.dw #0x0000
    00000008                         62 _maincharacter_tiles:
    00000008 00                      63 	.db #0x00	; 0
    00000009 00                      64 	.db #0x00	; 0
    0000000A 00                      65 	.db #0x00	; 0
    0000000B 00                      66 	.db #0x00	; 0
    0000000C 07                      67 	.db #0x07	; 7
    0000000D 0F                      68 	.db #0x0f	; 15
    0000000E 0D                      69 	.db #0x0d	; 13
    0000000F 1A                      70 	.db #0x1a	; 26
    00000010 10                      71 	.db #0x10	; 16
    00000011 1D                      72 	.db #0x1d	; 29
    00000012 15                      73 	.db #0x15	; 21
    00000013 1A                      74 	.db #0x1a	; 26
    00000014 10                      75 	.db #0x10	; 16
    00000015 1F                      76 	.db #0x1f	; 31
    00000016 13                      77 	.db #0x13	; 19
    00000017 1E                      78 	.db #0x1e	; 30
    00000018 00                      79 	.db #0x00	; 0
    00000019 00                      80 	.db #0x00	; 0
    0000001A 00                      81 	.db #0x00	; 0
    0000001B 00                      82 	.db #0x00	; 0
    0000001C E0                      83 	.db #0xe0	; 224
    0000001D F0                      84 	.db #0xf0	; 240
    0000001E 10                      85 	.db #0x10	; 16
    0000001F F8                      86 	.db #0xf8	; 248
    00000020 08                      87 	.db #0x08	; 8
    00000021 F8                      88 	.db #0xf8	; 248
    00000022 28                      89 	.db #0x28	; 40
    00000023 98                      90 	.db #0x98	; 152
    00000024 88                      91 	.db #0x88	; 136
    00000025 18                      92 	.db #0x18	; 24
    00000026 48                      93 	.db #0x48	; 72	'H'
    00000027 58                      94 	.db #0x58	; 88	'X'
    00000028 16                      95 	.db #0x16	; 22
    00000029 1A                      96 	.db #0x1a	; 26
    0000002A 14                      97 	.db #0x14	; 20
    0000002B 38                      98 	.db #0x38	; 56	'8'
    0000002C 27                      99 	.db #0x27	; 39
    0000002D 20                     100 	.db #0x20	; 32
    0000002E 21                     101 	.db #0x21	; 33
    0000002F 26                     102 	.db #0x26	; 38
    00000030 1B                     103 	.db #0x1b	; 27
    00000031 3C                     104 	.db #0x3c	; 60
    00000032 08                     105 	.db #0x08	; 8
    00000033 0F                     106 	.db #0x0f	; 15
    00000034 1F                     107 	.db #0x1f	; 31
    00000035 09                     108 	.db #0x09	; 9
    00000036 00                     109 	.db #0x00	; 0
    00000037 00                     110 	.db #0x00	; 0
    00000038 48                     111 	.db #0x48	; 72	'H'
    00000039 58                     112 	.db #0x58	; 88	'X'
    0000003A 28                     113 	.db #0x28	; 40
    0000003B 1C                     114 	.db #0x1c	; 28
    0000003C E4                     115 	.db #0xe4	; 228
    0000003D 04                     116 	.db #0x04	; 4
    0000003E 84                     117 	.db #0x84	; 132
    0000003F 64                     118 	.db #0x64	; 100	'd'
    00000040 D8                     119 	.db #0xd8	; 216
    00000041 3C                     120 	.db #0x3c	; 60
    00000042 10                     121 	.db #0x10	; 16
    00000043 F0                     122 	.db #0xf0	; 240
    00000044 F8                     123 	.db #0xf8	; 248
    00000045 90                     124 	.db #0x90	; 144
    00000046 00                     125 	.db #0x00	; 0
    00000047 00                     126 	.db #0x00	; 0
    00000048                        127 _maincharacter_map:
    00000048 00                     128 	.db #0x00	; 0
    00000049 01                     129 	.db #0x01	; 1
    0000004A 02                     130 	.db #0x02	; 2
    0000004B 03                     131 	.db #0x03	; 3
                                    132 	.area _INITIALIZER
                                    133 	.area _CABS (ABS)
