                                      1 ;--------------------------------------------------------
                                      2 ; File Created by SDCC : free open source ISO C Compiler 
                                      3 ; Version 4.4.1 #14650 (Mac OS X ppc)
                                      4 ;--------------------------------------------------------
                                      5 	.module player
                                      6 	.optsdcc -msm83
                                      7 	
                                      8 ;--------------------------------------------------------
                                      9 ; Public variables in this module
                                     10 ;--------------------------------------------------------
                                     11 	.globl _set_sprite_data
                                     12 	.globl _joypad
                                     13 	.globl _player_y
                                     14 	.globl _player_x
                                     15 	.globl _init_player
                                     16 	.globl _update_player
                                     17 ;--------------------------------------------------------
                                     18 ; special function registers
                                     19 ;--------------------------------------------------------
                                     20 ;--------------------------------------------------------
                                     21 ; ram data
                                     22 ;--------------------------------------------------------
                                     23 	.area _DATA
                                     24 ;--------------------------------------------------------
                                     25 ; ram data
                                     26 ;--------------------------------------------------------
                                     27 	.area _INITIALIZED
    00000000                         28 _player_x::
    00000000                         29 	.ds 1
    00000001                         30 _player_y::
    00000001                         31 	.ds 1
                                     32 ;--------------------------------------------------------
                                     33 ; absolute external ram data
                                     34 ;--------------------------------------------------------
                                     35 	.area _DABS (ABS)
                                     36 ;--------------------------------------------------------
                                     37 ; global & static initialisations
                                     38 ;--------------------------------------------------------
                                     39 	.area _HOME
                                     40 	.area _GSINIT
                                     41 	.area _GSFINAL
                                     42 	.area _GSINIT
                                     43 ;--------------------------------------------------------
                                     44 ; Home
                                     45 ;--------------------------------------------------------
                                     46 	.area _HOME
                                     47 	.area _HOME
                                     48 ;--------------------------------------------------------
                                     49 ; code
                                     50 ;--------------------------------------------------------
                                     51 	.area _CODE
                                     52 ;src/game_states/player.c:11: void init_player(void) {
                                     53 ;	---------------------------------
                                     54 ; Function init_player
                                     55 ; ---------------------------------
    00000000                         56 _init_player::
                                     57 ;src/game_states/player.c:13: set_sprite_data(0, maincharacter_TILE_COUNT, maincharacter_tiles);
    00000000 11r00r00         [12]   58 	ld	de, #_maincharacter_tiles
    00000003 D5               [16]   59 	push	de
    00000004 21 00 04         [12]   60 	ld	hl, #0x400
    00000007 E5               [16]   61 	push	hl
    00000008 CDr00r00         [24]   62 	call	_set_sprite_data
    0000000B E8 04            [16]   63 	add	sp, #4
                                     64 ;/Users/marleneronstedt/dev/gbdev/gbdk/include/gb/gb.h:1875: shadow_OAM[nb].tile=tile;
    0000000D 21r02r00         [12]   65 	ld	hl, #(_shadow_OAM + 2)
    00000010 36 00            [12]   66 	ld	(hl), #0x00
    00000012 21r06r00         [12]   67 	ld	hl, #(_shadow_OAM + 6)
    00000015 36 01            [12]   68 	ld	(hl), #0x01
    00000017 21r0Ar00         [12]   69 	ld	hl, #(_shadow_OAM + 10)
    0000001A 36 02            [12]   70 	ld	(hl), #0x02
    0000001C 21r0Er00         [12]   71 	ld	hl, #(_shadow_OAM + 14)
    0000001F 36 03            [12]   72 	ld	(hl), #0x03
                                     73 ;src/game_states/player.c:20: move_sprite(0, player_x, player_y);
    00000021 21r01r00         [12]   74 	ld	hl, #_player_y
    00000024 46               [ 8]   75 	ld	b, (hl)
    00000025 21r00r00         [12]   76 	ld	hl, #_player_x
    00000028 4E               [ 8]   77 	ld	c, (hl)
                                     78 ;/Users/marleneronstedt/dev/gbdev/gbdk/include/gb/gb.h:1961: OAM_item_t * itm = &shadow_OAM[nb];
    00000029 21r00r00         [12]   79 	ld	hl, #_shadow_OAM
                                     80 ;/Users/marleneronstedt/dev/gbdev/gbdk/include/gb/gb.h:1962: itm->y=y, itm->x=x;
    0000002C 78               [ 4]   81 	ld	a, b
    0000002D 22               [ 8]   82 	ld	(hl+), a
    0000002E 71               [ 8]   83 	ld	(hl), c
                                     84 ;src/game_states/player.c:21: move_sprite(1, player_x + 8, player_y);
    0000002F 21r01r00         [12]   85 	ld	hl, #_player_y
    00000032 46               [ 8]   86 	ld	b, (hl)
    00000033 FAr00r00         [16]   87 	ld	a, (#_player_x)
    00000036 C6 08            [ 8]   88 	add	a, #0x08
    00000038 4F               [ 4]   89 	ld	c, a
                                     90 ;/Users/marleneronstedt/dev/gbdev/gbdk/include/gb/gb.h:1961: OAM_item_t * itm = &shadow_OAM[nb];
    00000039 21r04r00         [12]   91 	ld	hl, #(_shadow_OAM + 4)
                                     92 ;/Users/marleneronstedt/dev/gbdev/gbdk/include/gb/gb.h:1962: itm->y=y, itm->x=x;
    0000003C 78               [ 4]   93 	ld	a, b
    0000003D 22               [ 8]   94 	ld	(hl+), a
    0000003E 71               [ 8]   95 	ld	(hl), c
                                     96 ;src/game_states/player.c:22: move_sprite(2, player_x, player_y + 8);
    0000003F FAr01r00         [16]   97 	ld	a, (#_player_y)
    00000042 C6 08            [ 8]   98 	add	a, #0x08
    00000044 47               [ 4]   99 	ld	b, a
    00000045 21r00r00         [12]  100 	ld	hl, #_player_x
    00000048 4E               [ 8]  101 	ld	c, (hl)
                                    102 ;/Users/marleneronstedt/dev/gbdev/gbdk/include/gb/gb.h:1961: OAM_item_t * itm = &shadow_OAM[nb];
    00000049 21r08r00         [12]  103 	ld	hl, #(_shadow_OAM + 8)
                                    104 ;/Users/marleneronstedt/dev/gbdev/gbdk/include/gb/gb.h:1962: itm->y=y, itm->x=x;
    0000004C 78               [ 4]  105 	ld	a, b
    0000004D 22               [ 8]  106 	ld	(hl+), a
    0000004E 71               [ 8]  107 	ld	(hl), c
                                    108 ;src/game_states/player.c:23: move_sprite(3, player_x + 8, player_y + 8);
    0000004F FAr01r00         [16]  109 	ld	a, (#_player_y)
    00000052 C6 08            [ 8]  110 	add	a, #0x08
    00000054 47               [ 4]  111 	ld	b, a
    00000055 FAr00r00         [16]  112 	ld	a, (#_player_x)
    00000058 C6 08            [ 8]  113 	add	a, #0x08
    0000005A 4F               [ 4]  114 	ld	c, a
                                    115 ;/Users/marleneronstedt/dev/gbdev/gbdk/include/gb/gb.h:1961: OAM_item_t * itm = &shadow_OAM[nb];
    0000005B 21r0Cr00         [12]  116 	ld	hl, #(_shadow_OAM + 12)
                                    117 ;/Users/marleneronstedt/dev/gbdev/gbdk/include/gb/gb.h:1962: itm->y=y, itm->x=x;
    0000005E 78               [ 4]  118 	ld	a, b
    0000005F 22               [ 8]  119 	ld	(hl+), a
    00000060 71               [ 8]  120 	ld	(hl), c
                                    121 ;src/game_states/player.c:23: move_sprite(3, player_x + 8, player_y + 8);
                                    122 ;src/game_states/player.c:24: }
    00000061 C9               [16]  123 	ret
                                    124 ;src/game_states/player.c:26: void update_player(void) {
                                    125 ;	---------------------------------
                                    126 ; Function update_player
                                    127 ; ---------------------------------
    00000062                        128 _update_player::
                                    129 ;src/game_states/player.c:28: UINT8 keys = joypad();
    00000062 CDr00r00         [24]  130 	call	_joypad
    00000065 4F               [ 4]  131 	ld	c, a
                                    132 ;src/game_states/player.c:30: if(keys & J_LEFT) {
    00000066 CB 49            [ 8]  133 	bit	1, c
    00000068 28 0E            [12]  134 	jr	Z, 00104$
                                    135 ;src/game_states/player.c:31: player_x -= MOVEMENT_SPEED;
    0000006A 21r00r00         [12]  136 	ld	hl, #_player_x
    0000006D 7E               [ 8]  137 	ld	a, (hl)
    0000006E C6 FE            [ 8]  138 	add	a, #0xfe
    00000070 77               [ 8]  139 	ld	(hl), a
                                    140 ;src/game_states/player.c:32: if(player_x < 8) player_x = 8;
    00000071 7E               [ 8]  141 	ld	a, (hl)
    00000072 D6 08            [ 8]  142 	sub	a, #0x08
    00000074 30 02            [12]  143 	jr	NC, 00104$
    00000076 36 08            [12]  144 	ld	(hl), #0x08
    00000078                        145 00104$:
                                    146 ;src/game_states/player.c:34: if(keys & J_RIGHT) {
    00000078 CB 41            [ 8]  147 	bit	0, c
    0000007A 28 0E            [12]  148 	jr	Z, 00108$
                                    149 ;src/game_states/player.c:35: player_x += MOVEMENT_SPEED;
    0000007C 21r00r00         [12]  150 	ld	hl, #_player_x
    0000007F 7E               [ 8]  151 	ld	a, (hl)
    00000080 C6 02            [ 8]  152 	add	a, #0x02
    00000082 77               [ 8]  153 	ld	(hl), a
                                    154 ;src/game_states/player.c:36: if(player_x > 160) player_x = 160;
    00000083 3E A0            [ 8]  155 	ld	a, #0xa0
    00000085 96               [ 8]  156 	sub	a, (hl)
    00000086 30 02            [12]  157 	jr	NC, 00108$
    00000088 36 A0            [12]  158 	ld	(hl), #0xa0
    0000008A                        159 00108$:
                                    160 ;src/game_states/player.c:38: if(keys & J_UP) {
    0000008A CB 51            [ 8]  161 	bit	2, c
    0000008C 28 0E            [12]  162 	jr	Z, 00112$
                                    163 ;src/game_states/player.c:39: player_y -= MOVEMENT_SPEED;
    0000008E 21r01r00         [12]  164 	ld	hl, #_player_y
    00000091 7E               [ 8]  165 	ld	a, (hl)
    00000092 C6 FE            [ 8]  166 	add	a, #0xfe
    00000094 77               [ 8]  167 	ld	(hl), a
                                    168 ;src/game_states/player.c:40: if(player_y < 16) player_y = 16;
    00000095 7E               [ 8]  169 	ld	a, (hl)
    00000096 D6 10            [ 8]  170 	sub	a, #0x10
    00000098 30 02            [12]  171 	jr	NC, 00112$
    0000009A 36 10            [12]  172 	ld	(hl), #0x10
    0000009C                        173 00112$:
                                    174 ;src/game_states/player.c:42: if(keys & J_DOWN) {
    0000009C CB 59            [ 8]  175 	bit	3, c
    0000009E 28 0E            [12]  176 	jr	Z, 00116$
                                    177 ;src/game_states/player.c:43: player_y += MOVEMENT_SPEED;
    000000A0 21r01r00         [12]  178 	ld	hl, #_player_y
    000000A3 7E               [ 8]  179 	ld	a, (hl)
    000000A4 C6 02            [ 8]  180 	add	a, #0x02
    000000A6 77               [ 8]  181 	ld	(hl), a
                                    182 ;src/game_states/player.c:44: if(player_y > 152) player_y = 152;
    000000A7 3E 98            [ 8]  183 	ld	a, #0x98
    000000A9 96               [ 8]  184 	sub	a, (hl)
    000000AA 30 02            [12]  185 	jr	NC, 00116$
    000000AC 36 98            [12]  186 	ld	(hl), #0x98
    000000AE                        187 00116$:
                                    188 ;src/game_states/player.c:48: move_sprite(0, player_x, player_y);
    000000AE 21r01r00         [12]  189 	ld	hl, #_player_y
    000000B1 46               [ 8]  190 	ld	b, (hl)
    000000B2 21r00r00         [12]  191 	ld	hl, #_player_x
    000000B5 4E               [ 8]  192 	ld	c, (hl)
                                    193 ;/Users/marleneronstedt/dev/gbdev/gbdk/include/gb/gb.h:1961: OAM_item_t * itm = &shadow_OAM[nb];
    000000B6 21r00r00         [12]  194 	ld	hl, #_shadow_OAM
                                    195 ;/Users/marleneronstedt/dev/gbdev/gbdk/include/gb/gb.h:1962: itm->y=y, itm->x=x;
    000000B9 78               [ 4]  196 	ld	a, b
    000000BA 22               [ 8]  197 	ld	(hl+), a
    000000BB 71               [ 8]  198 	ld	(hl), c
                                    199 ;src/game_states/player.c:49: move_sprite(1, player_x + 8, player_y);
    000000BC 21r01r00         [12]  200 	ld	hl, #_player_y
    000000BF 46               [ 8]  201 	ld	b, (hl)
    000000C0 FAr00r00         [16]  202 	ld	a, (#_player_x)
    000000C3 C6 08            [ 8]  203 	add	a, #0x08
    000000C5 4F               [ 4]  204 	ld	c, a
                                    205 ;/Users/marleneronstedt/dev/gbdev/gbdk/include/gb/gb.h:1961: OAM_item_t * itm = &shadow_OAM[nb];
    000000C6 21r04r00         [12]  206 	ld	hl, #(_shadow_OAM + 4)
                                    207 ;/Users/marleneronstedt/dev/gbdev/gbdk/include/gb/gb.h:1962: itm->y=y, itm->x=x;
    000000C9 78               [ 4]  208 	ld	a, b
    000000CA 22               [ 8]  209 	ld	(hl+), a
    000000CB 71               [ 8]  210 	ld	(hl), c
                                    211 ;src/game_states/player.c:50: move_sprite(2, player_x, player_y + 8);
    000000CC FAr01r00         [16]  212 	ld	a, (#_player_y)
    000000CF C6 08            [ 8]  213 	add	a, #0x08
    000000D1 47               [ 4]  214 	ld	b, a
    000000D2 21r00r00         [12]  215 	ld	hl, #_player_x
    000000D5 4E               [ 8]  216 	ld	c, (hl)
                                    217 ;/Users/marleneronstedt/dev/gbdev/gbdk/include/gb/gb.h:1961: OAM_item_t * itm = &shadow_OAM[nb];
    000000D6 21r08r00         [12]  218 	ld	hl, #(_shadow_OAM + 8)
                                    219 ;/Users/marleneronstedt/dev/gbdev/gbdk/include/gb/gb.h:1962: itm->y=y, itm->x=x;
    000000D9 78               [ 4]  220 	ld	a, b
    000000DA 22               [ 8]  221 	ld	(hl+), a
    000000DB 71               [ 8]  222 	ld	(hl), c
                                    223 ;src/game_states/player.c:51: move_sprite(3, player_x + 8, player_y + 8);
    000000DC FAr01r00         [16]  224 	ld	a, (#_player_y)
    000000DF C6 08            [ 8]  225 	add	a, #0x08
    000000E1 47               [ 4]  226 	ld	b, a
    000000E2 FAr00r00         [16]  227 	ld	a, (#_player_x)
    000000E5 C6 08            [ 8]  228 	add	a, #0x08
    000000E7 4F               [ 4]  229 	ld	c, a
                                    230 ;/Users/marleneronstedt/dev/gbdev/gbdk/include/gb/gb.h:1961: OAM_item_t * itm = &shadow_OAM[nb];
    000000E8 21r0Cr00         [12]  231 	ld	hl, #(_shadow_OAM + 12)
                                    232 ;/Users/marleneronstedt/dev/gbdev/gbdk/include/gb/gb.h:1962: itm->y=y, itm->x=x;
    000000EB 78               [ 4]  233 	ld	a, b
    000000EC 22               [ 8]  234 	ld	(hl+), a
    000000ED 71               [ 8]  235 	ld	(hl), c
                                    236 ;src/game_states/player.c:51: move_sprite(3, player_x + 8, player_y + 8);
                                    237 ;src/game_states/player.c:52: }
    000000EE C9               [16]  238 	ret
                                    239 	.area _CODE
                                    240 	.area _INITIALIZER
    00000000                        241 __xinit__player_x:
    00000000 54                     242 	.db #0x54	; 84	'T'
    00000001                        243 __xinit__player_y:
    00000001 54                     244 	.db #0x54	; 84	'T'
                                    245 	.area _CABS (ABS)
