                                      1 ;--------------------------------------------------------
                                      2 ; File Created by SDCC : free open source ISO C Compiler 
                                      3 ; Version 4.4.1 #14650 (Mac OS X ppc)
                                      4 ;--------------------------------------------------------
                                      5 	.module world
                                      6 	.optsdcc -msm83
                                      7 	
                                      8 ;--------------------------------------------------------
                                      9 ; Public variables in this module
                                     10 ;--------------------------------------------------------
                                     11 	.globl _set_bkg_palette
                                     12 	.globl _set_bkg_tiles
                                     13 	.globl _set_bkg_data
                                     14 	.globl _grass_timer
                                     15 	.globl _init_world
                                     16 	.globl _update_world
                                     17 ;--------------------------------------------------------
                                     18 ; special function registers
                                     19 ;--------------------------------------------------------
                                     20 ;--------------------------------------------------------
                                     21 ; ram data
                                     22 ;--------------------------------------------------------
                                     23 	.area _DATA
    00000000                         24 _update_world_current_grass_20001_174:
    00000000                         25 	.ds 1
                                     26 ;--------------------------------------------------------
                                     27 ; ram data
                                     28 ;--------------------------------------------------------
                                     29 	.area _INITIALIZED
    00000000                         30 _grass_timer::
    00000000                         31 	.ds 1
                                     32 ;--------------------------------------------------------
                                     33 ; absolute external ram data
                                     34 ;--------------------------------------------------------
                                     35 	.area _DABS (ABS)
                                     36 ;--------------------------------------------------------
                                     37 ; global & static initialisations
                                     38 ;--------------------------------------------------------
                                     39 	.area _HOME
                                     40 	.area _GSINIT
                                     41 	.area _GSFINAL
                                     42 	.area _GSINIT
                                     43 ;src/maps/world.c:26: static uint8_t current_grass = 0;
    00000000 21r00r00         [12]   44 	ld	hl, #_update_world_current_grass_20001_174
    00000003 36 00            [12]   45 	ld	(hl), #0x00
                                     46 ;--------------------------------------------------------
                                     47 ; Home
                                     48 ;--------------------------------------------------------
                                     49 	.area _HOME
                                     50 	.area _HOME
                                     51 ;--------------------------------------------------------
                                     52 ; code
                                     53 ;--------------------------------------------------------
                                     54 	.area _CODE
                                     55 ;src/maps/world.c:8: void init_world(void) {
                                     56 ;	---------------------------------
                                     57 ; Function init_world
                                     58 ; ---------------------------------
    00000000                         59 _init_world::
    00000000 3B               [ 8]   60 	dec	sp
                                     61 ;src/maps/world.c:10: set_bkg_palette(0, 1, grass_tile1_palettes);
    00000001 11r00r00         [12]   62 	ld	de, #_grass_tile1_palettes
    00000004 D5               [16]   63 	push	de
    00000005 AF               [ 4]   64 	xor	a, a
    00000006 3C               [ 4]   65 	inc	a
    00000007 F5               [16]   66 	push	af
    00000008 CDr00r00         [24]   67 	call	_set_bkg_palette
    0000000B E8 04            [16]   68 	add	sp, #4
                                     69 ;src/maps/world.c:11: set_bkg_data(0, grass_tile2_TILE_COUNT, grass_tile1_tiles);
    0000000D 11r00r00         [12]   70 	ld	de, #_grass_tile1_tiles
    00000010 D5               [16]   71 	push	de
    00000011 21 00 04         [12]   72 	ld	hl, #0x400
    00000014 E5               [16]   73 	push	hl
    00000015 CDr00r00         [24]   74 	call	_set_bkg_data
    00000018 E8 04            [16]   75 	add	sp, #4
                                     76 ;src/maps/world.c:14: unsigned char grass_map[] = {0};
    0000001A F8 00            [12]   77 	ldhl	sp,	#0
    0000001C 36 00            [12]   78 	ld	(hl), #0x00
                                     79 ;src/maps/world.c:15: for(uint8_t y = 0; y < 18; y++) {
    0000001E 0E 00            [ 8]   80 	ld	c, #0x00
    00000020                         81 00107$:
    00000020 79               [ 4]   82 	ld	a, c
    00000021 D6 12            [ 8]   83 	sub	a, #0x12
    00000023 30 20            [12]   84 	jr	NC, 00109$
                                     85 ;src/maps/world.c:16: for(uint8_t x = 0; x < 20; x++) {
    00000025 06 00            [ 8]   86 	ld	b, #0x00
    00000027                         87 00104$:
    00000027 78               [ 4]   88 	ld	a, b
    00000028 D6 14            [ 8]   89 	sub	a, #0x14
    0000002A 30 16            [12]   90 	jr	NC, 00108$
                                     91 ;src/maps/world.c:17: set_bkg_tiles(x, y, 1, 1, grass_map);
    0000002C 21 00 00         [12]   92 	ld	hl, #0
    0000002F 39               [ 8]   93 	add	hl, sp
    00000030 E5               [16]   94 	push	hl
    00000031 21 01 01         [12]   95 	ld	hl, #0x101
    00000034 E5               [16]   96 	push	hl
    00000035 79               [ 4]   97 	ld	a, c
    00000036 F5               [16]   98 	push	af
    00000037 33               [ 8]   99 	inc	sp
    00000038 C5               [16]  100 	push	bc
    00000039 33               [ 8]  101 	inc	sp
    0000003A CDr00r00         [24]  102 	call	_set_bkg_tiles
    0000003D E8 06            [16]  103 	add	sp, #6
                                    104 ;src/maps/world.c:16: for(uint8_t x = 0; x < 20; x++) {
    0000003F 04               [ 4]  105 	inc	b
    00000040 18 E5            [12]  106 	jr	00104$
    00000042                        107 00108$:
                                    108 ;src/maps/world.c:15: for(uint8_t y = 0; y < 18; y++) {
    00000042 0C               [ 4]  109 	inc	c
    00000043 18 DB            [12]  110 	jr	00107$
    00000045                        111 00109$:
                                    112 ;src/maps/world.c:20: }
    00000045 33               [ 8]  113 	inc	sp
    00000046 C9               [16]  114 	ret
                                    115 ;src/maps/world.c:22: void update_world(void) {
                                    116 ;	---------------------------------
                                    117 ; Function update_world
                                    118 ; ---------------------------------
    00000047                        119 _update_world::
                                    120 ;src/maps/world.c:23: grass_timer++;
    00000047 21r00r00         [12]  121 	ld	hl, #_grass_timer
    0000004A 34               [12]  122 	inc	(hl)
                                    123 ;src/maps/world.c:24: if(grass_timer > 60) {
    0000004B 3E 3C            [ 8]  124 	ld	a, #0x3c
    0000004D 96               [ 8]  125 	sub	a, (hl)
    0000004E D0               [20]  126 	ret	NC
                                    127 ;src/maps/world.c:25: grass_timer = 0;
    0000004F 36 00            [12]  128 	ld	(hl), #0x00
                                    129 ;src/maps/world.c:27: switch(current_grass) {
    00000051 FAr00r00         [16]  130 	ld	a, (#_update_world_current_grass_20001_174)
    00000054 B7               [ 4]  131 	or	a, a
    00000055 28 0F            [12]  132 	jr	Z, 00101$
    00000057 FAr00r00         [16]  133 	ld	a, (#_update_world_current_grass_20001_174)
    0000005A 3D               [ 4]  134 	dec	a
    0000005B 28 18            [12]  135 	jr	Z, 00102$
    0000005D FAr00r00         [16]  136 	ld	a, (#_update_world_current_grass_20001_174)
    00000060 D6 02            [ 8]  137 	sub	a, #0x02
    00000062 28 20            [12]  138 	jr	Z, 00103$
    00000064 18 2B            [12]  139 	jr	00104$
                                    140 ;src/maps/world.c:28: case 0:
    00000066                        141 00101$:
                                    142 ;src/maps/world.c:29: set_bkg_data(0, grass_tile2_TILE_COUNT, grass_tile2_tiles);
    00000066 11r00r00         [12]  143 	ld	de, #_grass_tile2_tiles
    00000069 D5               [16]  144 	push	de
    0000006A 21 00 04         [12]  145 	ld	hl, #0x400
    0000006D E5               [16]  146 	push	hl
    0000006E CDr00r00         [24]  147 	call	_set_bkg_data
    00000071 E8 04            [16]  148 	add	sp, #4
                                    149 ;src/maps/world.c:30: break;
    00000073 18 1C            [12]  150 	jr	00104$
                                    151 ;src/maps/world.c:31: case 1:
    00000075                        152 00102$:
                                    153 ;src/maps/world.c:32: set_bkg_data(0, grass_tile3_TILE_COUNT, grass_tile3_tiles);
    00000075 11r00r00         [12]  154 	ld	de, #_grass_tile3_tiles
    00000078 D5               [16]  155 	push	de
    00000079 21 00 04         [12]  156 	ld	hl, #0x400
    0000007C E5               [16]  157 	push	hl
    0000007D CDr00r00         [24]  158 	call	_set_bkg_data
    00000080 E8 04            [16]  159 	add	sp, #4
                                    160 ;src/maps/world.c:33: break;
    00000082 18 0D            [12]  161 	jr	00104$
                                    162 ;src/maps/world.c:34: case 2:
    00000084                        163 00103$:
                                    164 ;src/maps/world.c:35: set_bkg_data(0, grass_tile1_TILE_COUNT, grass_tile1_tiles);
    00000084 11r00r00         [12]  165 	ld	de, #_grass_tile1_tiles
    00000087 D5               [16]  166 	push	de
    00000088 21 00 04         [12]  167 	ld	hl, #0x400
    0000008B E5               [16]  168 	push	hl
    0000008C CDr00r00         [24]  169 	call	_set_bkg_data
    0000008F E8 04            [16]  170 	add	sp, #4
                                    171 ;src/maps/world.c:37: }
    00000091                        172 00104$:
                                    173 ;src/maps/world.c:38: current_grass = (current_grass + 1) % 3;
    00000091 21r00r00         [12]  174 	ld	hl, #_update_world_current_grass_20001_174
    00000094 5E               [ 8]  175 	ld	e, (hl)
    00000095 AF               [ 4]  176 	xor	a, a
    00000096 57               [ 4]  177 	ld	d, a
    00000097 13               [ 8]  178 	inc	de
    00000098 01 03 00         [12]  179 	ld	bc, #0x0003
    0000009B CDr00r00         [24]  180 	call	__modsint
    0000009E 21r00r00         [12]  181 	ld	hl, #_update_world_current_grass_20001_174
    000000A1 71               [ 8]  182 	ld	(hl), c
                                    183 ;src/maps/world.c:40: }
    000000A2 C9               [16]  184 	ret
                                    185 	.area _CODE
                                    186 	.area _INITIALIZER
    00000000                        187 __xinit__grass_timer:
    00000000 00                     188 	.db #0x00	; 0
                                    189 	.area _CABS (ABS)
